<?xml version="1.0" encoding="UTF-8"?>
<testng-results skipped="0" failed="2" total="4" passed="2">
  <reporter-output>
  </reporter-output>
  <suite name="admin-app UI Tests" duration-ms="203475" started-at="2015-11-22T12:20:44Z" finished-at="2015-11-22T12:24:07Z">
    <groups>
    </groups>
    <test name="Webdriver Tests" duration-ms="203475" started-at="2015-11-22T12:20:44Z" finished-at="2015-11-22T12:24:07Z">
      <class name="com.linkedin.LoginTests">
        <test-method status="PASS" signature="initLoginPage()" name="initLoginPage" is-config="true" duration-ms="39535" started-at="2015-11-22T12:20:44Z" finished-at="2015-11-22T12:21:23Z">
        </test-method>
        <test-method status="FAIL" signature="loadProfilePageTest()" name="loadProfilePageTest" duration-ms="15425" started-at="2015-11-22T12:21:23Z" finished-at="2015-11-22T12:21:39Z">
          <exception class="org.openqa.selenium.NoSuchElementException">
            <message>
              <![CDATA[Unable to locate element: {"method":"id","selector":"login-email"}
Command duration or timeout: 376 milliseconds
For documentation on this error, please visit: http://seleniumhq.org/exceptions/no_such_element.html
Build info: version: '2.48.2', revision: '41bccdd10cf2c0560f637404c2d96164b67d9d67', time: '2015-10-09 13:08:06'
System info: host: 'itea', ip: '192.168.56.1', os.name: 'Windows 8', os.arch: 'amd64', os.version: '6.2', java.version: '1.8.0_51'
Driver info: org.openqa.selenium.firefox.FirefoxDriver
Capabilities [{applicationCacheEnabled=true, rotatable=false, handlesAlerts=true, databaseEnabled=true, version=41.0, platform=WINDOWS, nativeEvents=false, acceptSslCerts=true, webStorageEnabled=true, locationContextEnabled=true, browserName=firefox, takesScreenshot=true, javascriptEnabled=true, cssSelectorsEnabled=true}]
Session ID: c09c744d-6a48-4c21-95ba-26472e0249e3
*** Element info: {Using=id, value=login-email}]]>
            </message>
            <full-stacktrace>
              <![CDATA[org.openqa.selenium.NoSuchElementException: Unable to locate element: {"method":"id","selector":"login-email"}
Command duration or timeout: 376 milliseconds
For documentation on this error, please visit: http://seleniumhq.org/exceptions/no_such_element.html
Build info: version: '2.48.2', revision: '41bccdd10cf2c0560f637404c2d96164b67d9d67', time: '2015-10-09 13:08:06'
System info: host: 'itea', ip: '192.168.56.1', os.name: 'Windows 8', os.arch: 'amd64', os.version: '6.2', java.version: '1.8.0_51'
Driver info: org.openqa.selenium.firefox.FirefoxDriver
Capabilities [{applicationCacheEnabled=true, rotatable=false, handlesAlerts=true, databaseEnabled=true, version=41.0, platform=WINDOWS, nativeEvents=false, acceptSslCerts=true, webStorageEnabled=true, locationContextEnabled=true, browserName=firefox, takesScreenshot=true, javascriptEnabled=true, cssSelectorsEnabled=true}]
Session ID: c09c744d-6a48-4c21-95ba-26472e0249e3
*** Element info: {Using=id, value=login-email}
	at sun.reflect.NativeConstructorAccessorImpl.newInstance0(Native Method)
	at sun.reflect.NativeConstructorAccessorImpl.newInstance(NativeConstructorAccessorImpl.java:62)
	at sun.reflect.DelegatingConstructorAccessorImpl.newInstance(DelegatingConstructorAccessorImpl.java:45)
	at java.lang.reflect.Constructor.newInstance(Constructor.java:422)
	at org.openqa.selenium.remote.ErrorHandler.createThrowable(ErrorHandler.java:206)
	at org.openqa.selenium.remote.ErrorHandler.throwIfResponseFailed(ErrorHandler.java:158)
	at org.openqa.selenium.remote.RemoteWebDriver.execute(RemoteWebDriver.java:647)
	at org.openqa.selenium.remote.RemoteWebDriver.findElement(RemoteWebDriver.java:353)
	at org.openqa.selenium.remote.RemoteWebDriver.findElementById(RemoteWebDriver.java:403)
	at org.openqa.selenium.By$ById.findElement(By.java:218)
	at org.openqa.selenium.remote.RemoteWebDriver.findElement(RemoteWebDriver.java:345)
	at org.openqa.selenium.support.pagefactory.DefaultElementLocator.findElement(DefaultElementLocator.java:69)
	at org.openqa.selenium.support.pagefactory.internal.LocatingElementHandler.invoke(LocatingElementHandler.java:38)
	at com.sun.proxy.$Proxy6.sendKeys(Unknown Source)
	at com.linkedin.LoginRegistrationPage.loginUser(LoginRegistrationPage.java:55)
	at com.linkedin.LoginTests.loadProfilePageTest(LoginTests.java:69)
	at sun.reflect.NativeMethodAccessorImpl.invoke0(Native Method)
	at sun.reflect.NativeMethodAccessorImpl.invoke(NativeMethodAccessorImpl.java:62)
	at sun.reflect.DelegatingMethodAccessorImpl.invoke(DelegatingMethodAccessorImpl.java:43)
	at java.lang.reflect.Method.invoke(Method.java:497)
	at org.testng.internal.MethodInvocationHelper.invokeMethod(MethodInvocationHelper.java:80)
	at org.testng.internal.InvokeMethodRunnable.runOne(InvokeMethodRunnable.java:46)
	at org.testng.internal.InvokeMethodRunnable.run(InvokeMethodRunnable.java:37)
	at java.util.concurrent.Executors$RunnableAdapter.call(Executors.java:511)
	at java.util.concurrent.FutureTask.run(FutureTask.java:266)
	at java.util.concurrent.ThreadPoolExecutor.runWorker(ThreadPoolExecutor.java:1142)
	at java.util.concurrent.ThreadPoolExecutor$Worker.run(ThreadPoolExecutor.java:617)
	at java.lang.Thread.run(Thread.java:745)
Caused by: org.openqa.selenium.NoSuchElementException: Unable to locate element: {"method":"id","selector":"login-email"}
For documentation on this error, please visit: http://seleniumhq.org/exceptions/no_such_element.html
Build info: version: '2.48.2', revision: '41bccdd10cf2c0560f637404c2d96164b67d9d67', time: '2015-10-09 13:08:06'
System info: host: 'itea', ip: '192.168.56.1', os.name: 'Windows 8', os.arch: 'amd64', os.version: '6.2', java.version: '1.8.0_51'
Driver info: driver.version: unknown
	at <anonymous class>.FirefoxDriver.prototype.findElementInternal_(file:///C:/Users/CPLUSP~1/AppData/Local/Temp/anonymous713422523759937463webdriver-profile/extensions/fxdriver@googlecode.com/components/driver-component.js:10659)
	at <anonymous class>.FirefoxDriver.prototype.findElement(file:///C:/Users/CPLUSP~1/AppData/Local/Temp/anonymous713422523759937463webdriver-profile/extensions/fxdriver@googlecode.com/components/driver-component.js:10668)
	at <anonymous class>.DelayedCommand.prototype.executeInternal_/h(file:///C:/Users/CPLUSP~1/AppData/Local/Temp/anonymous713422523759937463webdriver-profile/extensions/fxdriver@googlecode.com/components/command-processor.js:12534)
	at <anonymous class>.DelayedCommand.prototype.executeInternal_(file:///C:/Users/CPLUSP~1/AppData/Local/Temp/anonymous713422523759937463webdriver-profile/extensions/fxdriver@googlecode.com/components/command-processor.js:12539)
	at <anonymous class>.DelayedCommand.prototype.execute/<(file:///C:/Users/CPLUSP~1/AppData/Local/Temp/anonymous713422523759937463webdriver-profile/extensions/fxdriver@googlecode.com/components/command-processor.js:12481)
]]>
            </full-stacktrace>
          </exception>
        </test-method>
        <test-method status="PASS" signature="initLoginPage()" name="initLoginPage" is-config="true" duration-ms="11008" started-at="2015-11-22T12:21:39Z" finished-at="2015-11-22T12:21:50Z">
        </test-method>
        <test-method status="PASS" signature="loadRecoveryPageTest()" name="loadRecoveryPageTest" duration-ms="31724" started-at="2015-11-22T12:21:50Z" finished-at="2015-11-22T12:22:21Z">
        </test-method>
        <test-method status="PASS" signature="initLoginPage()" name="initLoginPage" is-config="true" duration-ms="14095" started-at="2015-11-22T12:22:21Z" finished-at="2015-11-22T12:22:35Z">
        </test-method>
        <test-method status="PASS" signature="userLoginGenericTest(java.lang.String)" name="userLoginGenericTest" duration-ms="31803" started-at="2015-11-22T12:22:35Z" finished-at="2015-11-22T12:23:07Z">
          <params>
            <param index="0">
              <value>
                <![CDATA[Testautomation123]]>
              </value>
            </param>
          </params>
        </test-method>
        <test-method status="PASS" signature="initLoginPage()" name="initLoginPage" is-config="true" duration-ms="26658" started-at="2015-11-22T12:23:07Z" finished-at="2015-11-22T12:23:34Z">
        </test-method>
        <test-method status="FAIL" signature="userLoginGenericTest(java.lang.String)" name="userLoginGenericTest" duration-ms="33166" started-at="2015-11-22T12:23:34Z" finished-at="2015-11-22T12:24:07Z">
          <params>
            <param index="0">
              <value>
                <![CDATA[1234]]>
              </value>
            </param>
          </params>
          <exception class="java.lang.AssertionError">
            <message>
              <![CDATA[Expected error message not found expected:<Please correct the marked field(s) below.> but was:<Исправьте указанные ниже поля.>]]>
            </message>
            <full-stacktrace>
              <![CDATA[java.lang.AssertionError: Expected error message not found expected:<Please correct the marked field(s) below.> but was:<Исправьте указанные ниже поля.>
	at org.testng.Assert.fail(Assert.java:89)
	at org.testng.Assert.failNotEquals(Assert.java:489)
	at org.testng.Assert.assertEquals(Assert.java:118)
	at org.testng.Assert.assertEquals(Assert.java:171)
	at com.linkedin.LoginTests.userLoginGenericTest(LoginTests.java:56)
	at sun.reflect.NativeMethodAccessorImpl.invoke0(Native Method)
	at sun.reflect.NativeMethodAccessorImpl.invoke(NativeMethodAccessorImpl.java:62)
	at sun.reflect.DelegatingMethodAccessorImpl.invoke(DelegatingMethodAccessorImpl.java:43)
	at java.lang.reflect.Method.invoke(Method.java:497)
	at org.testng.internal.MethodInvocationHelper.invokeMethod(MethodInvocationHelper.java:80)
	at org.testng.internal.InvokeMethodRunnable.runOne(InvokeMethodRunnable.java:46)
	at org.testng.internal.InvokeMethodRunnable.run(InvokeMethodRunnable.java:37)
	at java.util.concurrent.Executors$RunnableAdapter.call(Executors.java:511)
	at java.util.concurrent.FutureTask.run(FutureTask.java:266)
	at java.util.concurrent.ThreadPoolExecutor.runWorker(ThreadPoolExecutor.java:1142)
	at java.util.concurrent.ThreadPoolExecutor$Worker.run(ThreadPoolExecutor.java:617)
	at java.lang.Thread.run(Thread.java:745)
]]>
            </full-stacktrace>
          </exception>
        </test-method>
      </class>
    </test>
  </suite>
</testng-results>
